<?xml version="1.0" encoding="UTF-8"?>
<!-- Generated by org.testng.reporters.JUnitXMLReporter -->
<testsuite hostname="R8-6R5ZK" name="Default test" tests="2" failures="0" timestamp="2 Apr 2015 00:29:56 GMT" time="113.98" errors="0">
  <testcase name="test_start_Away_using_valid_thermostatID_cancel" time="57.544" classname="com.ecofactorqa.awayapi.Set_Away_Valid"/>
  <testcase name="test_start_Away_using_valid_thermostatID_cancel_by_mo" time="56.296" classname="com.ecofactorqa.awayapi.Set_Away_Valid"/>
</testsuite> <!-- Default test -->
