<?xml version="1.0" encoding="UTF-8"?>
<testng-results skipped="0" failed="0" total="1" passed="1">
  <reporter-output>
  </reporter-output>
  <suite name="Default suite" duration-ms="655036" started-at="2015-05-11T23:42:26Z" finished-at="2015-05-11T23:53:21Z">
    <groups>
    </groups>
    <test name="Default test" duration-ms="655036" started-at="2015-05-11T23:42:26Z" finished-at="2015-05-11T23:53:21Z">
      <class name="com.ecofactor.spo.SPO">
        <test-method status="PASS" signature="init()[pri:0, instance:com.ecofactor.spo.SPO@141058b6]" name="init" is-config="true" duration-ms="110" started-at="2015-05-11T16:42:26Z" finished-at="2015-05-11T16:42:26Z">
          <reporter-output>
          </reporter-output>
        </test-method> <!-- init -->
        <test-method status="PASS" signature="createStartEntriesForSpo()[pri:0, instance:com.ecofactor.spo.SPO@141058b6]" name="createStartEntriesForSpo" duration-ms="654906" started-at="2015-05-11T16:42:26Z" finished-at="2015-05-11T16:53:21Z">
          <reporter-output>
          </reporter-output>
        </test-method> <!-- createStartEntriesForSpo -->
      </class> <!-- com.ecofactor.spo.SPO -->
    </test> <!-- Default test -->
  </suite> <!-- Default suite -->
</testng-results>
